<?xml version="1.0" encoding="UTF-8"?>
<!-- Generated by org.testng.reporters.JUnitXMLReporter -->
<testsuite ignored="0" hostname="noviicee-U" failures="0" tests="3" name="Default test" time="61.972" errors="0" timestamp="11 Mar 2022 10:20:57 GMT">
  <testcase classname="selenium1_testNg.project2_testNg" name="main1" time="2.344"/>
  <testcase classname="selenium1_testNg.project2_testNg" name="main2" time="6.721"/>
  <testcase classname="selenium1_testNg.project2_testNg" name="main3" time="12.458"/>
</testsuite> <!-- Default test -->
