<?xml version="1.0" encoding="UTF-8"?>
<testng-results ignored="0" total="2" passed="2" failed="0" skipped="0">
  <reporter-output>
  </reporter-output>
  <suite started-at="2022-03-11T09:17:34Z" name="Default suite" finished-at="2022-03-11T09:18:02Z" duration-ms="27798">
    <groups>
    </groups>
    <test started-at="2022-03-11T09:17:34Z" name="Default test" finished-at="2022-03-11T09:18:02Z" duration-ms="27798">
      <class name="selenium1_testNg.project2_testNg_0">
        <test-method is-config="true" signature="init()[pri:0, instance:selenium1_testNg.project2_testNg_0@2aa3cd93]" started-at="2022-03-11T09:17:34Z" name="init" finished-at="2022-03-11T09:17:41Z" duration-ms="7306" status="PASS">
          <reporter-output>
          </reporter-output>
        </test-method> <!-- init -->
        <test-method signature="main()[pri:1, instance:selenium1_testNg.project2_testNg_0@2aa3cd93]" started-at="2022-03-11T09:17:41Z" name="main" finished-at="2022-03-11T09:17:47Z" duration-ms="6013" status="PASS">
          <reporter-output>
          </reporter-output>
        </test-method> <!-- main -->
        <test-method is-config="true" signature="init()[pri:0, instance:selenium1_testNg.project2_testNg_0@2aa3cd93]" started-at="2022-03-11T09:17:47Z" name="init" finished-at="2022-03-11T09:17:54Z" duration-ms="6533" status="PASS">
          <reporter-output>
          </reporter-output>
        </test-method> <!-- init -->
        <test-method signature="main1()[pri:2, instance:selenium1_testNg.project2_testNg_0@2aa3cd93]" started-at="2022-03-11T09:17:54Z" name="main1" finished-at="2022-03-11T09:18:02Z" duration-ms="7908" status="PASS">
          <reporter-output>
          </reporter-output>
        </test-method> <!-- main1 -->
      </class> <!-- selenium1_testNg.project2_testNg_0 -->
    </test> <!-- Default test -->
  </suite> <!-- Default suite -->
</testng-results>
